<?xml version="1.0" encoding="UTF-8"?>
<!-- Generated by org.testng.reporters.JUnitReportReporter -->
<testsuite hostname="Shalini" failures="0" tests="1" name="runner.TestRunner" time="21.926" errors="0" timestamp="2024-06-14T16:09:34 BST" skipped="0">
  <testcase classname="runner.TestRunner" name="runScenario" time="21.926"/>
  <system-out/>
</testsuite> <!-- runner.TestRunner -->
